headers.h: OK!
initialization.c: OK!
initialization.h: OK!
main.c: OK!
minishell.h: OK!
validation.c: OK!
builtins/builtin.c: OK!
builtins/builtins.h: OK!
builtins/cd.c: OK!
builtins/echo.c: OK!
builtins/env.c: OK!
builtins/exit.c: OK!
builtins/export.c: OK!
builtins/pwd.c: OK!
builtins/unset.c: OK!
execution/exec.c: OK!
execution/exec_child.c: OK!
execution/execution.h: OK!
execution/find_cmd.c: OK!
execution/heredoc.c: OK!
execution/redirection.c: OK!
execution/signals.c: OK!
parsing/expand_helper.c: OK!
parsing/expanding.c: OK!
parsing/frees.c: OK!
parsing/line_parse.c: OK!
parsing/line_parse_helper.c: OK!
parsing/line_split.c: OK!
parsing/line_split_handler.c: OK!
parsing/line_split_helper.c: OK!
parsing/parse_helper.c: OK!
parsing/parsing.h: OK!
parsing/var_expansion.c: OK!
utils/frees.c: OK!
utils/ft_split.c: OK!
utils/libft_helper.c: OK!
utils/libft_helper2.c: OK!
utils/utils.h: OK!
utils/utils_array.c: OK!
utils/utils_libft.c: OK!
utils/utils_lst.c: OK!
